<?xml version="1.0" encoding="UTF-8"?>
<testng-results skipped="0" failed="0" ignored="0" total="1" passed="1">
  <reporter-output>
  </reporter-output>
  <suite name="Suite" duration-ms="10710" started-at="2022-05-17T17:46:42 EDT" finished-at="2022-05-17T17:46:53 EDT">
    <groups>
    </groups>
    <test name="Test" duration-ms="10710" started-at="2022-05-17T17:46:42 EDT" finished-at="2022-05-17T17:46:53 EDT">
      <class name="com.banking.testCases.TC_LoginTest_001">
        <test-method status="PASS" signature="sedtup(java.lang.String)[pri:0, instance:com.banking.testCases.TC_LoginTest_001@68bbe345]" name="sedtup" is-config="true" duration-ms="7418" started-at="2022-05-17T17:46:42 EDT" finished-at="2022-05-17T17:46:50 EDT">
          <params>
            <param index="0">
              <value>
                <![CDATA[chrome]]>
              </value>
            </param>
          </params>
          <reporter-output>
          </reporter-output>
        </test-method> <!-- sedtup -->
        <test-method status="PASS" signature="LoginTest()[pri:0, instance:com.banking.testCases.TC_LoginTest_001@68bbe345]" name="LoginTest" duration-ms="3085" started-at="2022-05-17T17:46:50 EDT" finished-at="2022-05-17T17:46:53 EDT">
          <reporter-output>
          </reporter-output>
        </test-method> <!-- LoginTest -->
        <test-method status="PASS" signature="tearDown()[pri:0, instance:com.banking.testCases.TC_LoginTest_001@68bbe345]" name="tearDown" is-config="true" duration-ms="99" started-at="2022-05-17T17:46:53 EDT" finished-at="2022-05-17T17:46:53 EDT">
          <reporter-output>
          </reporter-output>
        </test-method> <!-- tearDown -->
      </class> <!-- com.banking.testCases.TC_LoginTest_001 -->
    </test> <!-- Test -->
  </suite> <!-- Suite -->
</testng-results>
