<?xml version="1.0" encoding="UTF-8"?>
<testng-results ignored="0" total="1" passed="1" failed="0" skipped="0">
  <reporter-output>
  </reporter-output>
  <suite started-at="2022-05-15T22:34:47 EDT" name="Failed suite [Failed suite [Suite]]" finished-at="2022-05-15T22:34:54 EDT" duration-ms="7329">
    <groups>
    </groups>
    <test started-at="2022-05-15T22:34:47 EDT" name="Test(failed)(failed)" finished-at="2022-05-15T22:34:54 EDT" duration-ms="7329">
      <class name="com.banking.testCases.TC_LoginTest_001">
        <test-method is-config="true" signature="sedtup(java.lang.String)[pri:0, instance:com.banking.testCases.TC_LoginTest_001@72e5a8e]" started-at="2022-05-15T22:34:47 EDT" name="sedtup" finished-at="2022-05-15T22:34:51 EDT" duration-ms="4712" status="PASS">
          <params>
            <param index="0">
              <value>
                <![CDATA[chrome]]>
              </value>
            </param>
          </params>
          <reporter-output>
          </reporter-output>
        </test-method> <!-- sedtup -->
        <test-method signature="LoginTest()[pri:0, instance:com.banking.testCases.TC_LoginTest_001@72e5a8e]" started-at="2022-05-15T22:34:51 EDT" name="LoginTest" finished-at="2022-05-15T22:34:54 EDT" duration-ms="2283" status="PASS">
          <reporter-output>
          </reporter-output>
        </test-method> <!-- LoginTest -->
        <test-method is-config="true" signature="tearDown()[pri:0, instance:com.banking.testCases.TC_LoginTest_001@72e5a8e]" started-at="2022-05-15T22:34:54 EDT" name="tearDown" finished-at="2022-05-15T22:34:54 EDT" duration-ms="252" status="PASS">
          <reporter-output>
          </reporter-output>
        </test-method> <!-- tearDown -->
      </class> <!-- com.banking.testCases.TC_LoginTest_001 -->
    </test> <!-- Test(failed)(failed) -->
  </suite> <!-- Failed suite [Failed suite [Suite]] -->
</testng-results>
